<?xml version="1.0" encoding="UTF-8"?>
<!-- Generated by org.testng.reporters.JUnitXMLReporter -->
<testsuite ignored="13" hostname="DESKTOP-QAMDQO9" failures="0" tests="1" name="Default test" time="29.478" errors="0" timestamp="2023-01-23T22:39:11 EST">
  <testcase classname="test.HomePageTest" name="dropDownSelectByValue" time="12.623"/>
  <testcase classname="test.HomePageTest" name="setTheSizeOfWindow" time="0.0">
    <ignored/>
  </testcase> <!-- setTheSizeOfWindow -->
  <testcase classname="test.HomePageTest" name="clickEmailButtonTest" time="0.0">
    <ignored/>
  </testcase> <!-- clickEmailButtonTest -->
  <testcase classname="test.HomePageTest" name="dropDownSelectByVisibleText" time="0.0">
    <ignored/>
  </testcase> <!-- dropDownSelectByVisibleText -->
  <testcase classname="test.HomePageTest" name="inputTextEmailTest" time="0.0">
    <ignored/>
  </testcase> <!-- inputTextEmailTest -->
  <testcase classname="test.HomePageTest" name="zaraLogoTest1" time="0.0">
    <ignored/>
  </testcase> <!-- zaraLogoTest1 -->
  <testcase classname="test.HomePageTest" name="dropDownSelectByIndex" time="0.0">
    <ignored/>
  </testcase> <!-- dropDownSelectByIndex -->
  <testcase classname="test.HomePageTest" name="zaraLogoTest" time="0.0">
    <ignored/>
  </testcase> <!-- zaraLogoTest -->
  <testcase classname="test.HomePageTest" name="softAssertion" time="0.0">
    <ignored/>
  </testcase> <!-- softAssertion -->
  <testcase classname="test.HomePageTest" name="inputTextPasswordTest" time="0.0">
    <ignored/>
  </testcase> <!-- inputTextPasswordTest -->
  <testcase classname="test.HomePageTest" name="clickForgotYourPasswordTest" time="0.0">
    <ignored/>
  </testcase> <!-- clickForgotYourPasswordTest -->
  <testcase classname="test.HomePageTest" name="clickPasswordTest" time="0.0">
    <ignored/>
  </testcase> <!-- clickPasswordTest -->
  <testcase classname="test.HomePageTest" name="mouseHoverOverAction" time="0.0">
    <ignored/>
  </testcase> <!-- mouseHoverOverAction -->
  <testcase classname="test.HomePageTest" name="assertion" time="0.0">
    <ignored/>
  </testcase> <!-- assertion -->
</testsuite> <!-- Default test -->
