<?xml version="1.0" encoding="UTF-8"?>
<testng-results ignored="13" total="14" passed="1" failed="0" skipped="0">
  <reporter-output>
  </reporter-output>
  <suite started-at="2023-01-23T22:38:42 EST" name="Default suite" finished-at="2023-01-23T22:39:11 EST" duration-ms="29478">
    <groups>
    </groups>
    <test started-at="2023-01-23T22:38:42 EST" name="Default test" finished-at="2023-01-23T22:39:11 EST" duration-ms="29478">
      <class name="test.HomePageTest">
        <test-method is-config="true" signature="setUp()[pri:0, instance:test.HomePageTest@61001b64]" started-at="2023-01-23T22:38:42 EST" name="setUp" finished-at="2023-01-23T22:38:58 EST" duration-ms="16437" status="PASS">
          <reporter-output>
          </reporter-output>
        </test-method> <!-- setUp -->
        <test-method signature="dropDownSelectByValue()[pri:8, instance:test.HomePageTest@61001b64]" started-at="2023-01-23T22:38:58 EST" name="dropDownSelectByValue" finished-at="2023-01-23T22:39:11 EST" duration-ms="12623" status="PASS">
          <reporter-output>
          </reporter-output>
        </test-method> <!-- dropDownSelectByValue -->
        <test-method is-config="true" signature="tearUp()[pri:0, instance:test.HomePageTest@61001b64]" started-at="2023-01-23T22:39:11 EST" name="tearUp" finished-at="2023-01-23T22:39:11 EST" duration-ms="318" status="PASS">
          <reporter-output>
          </reporter-output>
        </test-method> <!-- tearUp -->
      </class> <!-- test.HomePageTest -->
    </test> <!-- Default test -->
  </suite> <!-- Default suite -->
</testng-results>
